2026-04-12 13:16:18,117 | HybridDCAInfinityGrid | WARNING  | 🚀 STARTING BOT: BTC-USD | Mode: PAPER
2026-04-12 13:16:18,122 | HybridDCAInfinityGrid | WARNING  | ✅ BOT STARTED successfully
2026-04-12 13:19:14,162 | HybridDCAInfinityGrid | WARNING  | 🚀 STARTING BOT: BTC-USD | Mode: PAPER
2026-04-12 13:19:14,168 | HybridDCAInfinityGrid | WARNING  | ✅ BOT STARTED successfully
2026-04-12 13:25:27,363 | HybridDCAInfinityGrid | WARNING  | 🚀 STARTING BOT: BTC-USD | Mode: PAPER
2026-04-12 13:25:27,369 | HybridDCAInfinityGrid | WARNING  | ✅ BOT STARTED successfully
2026-04-16 18:15:34,995 | HybridDCAInfinityGrid | WARNING  | 🚀 STARTING BOT: BTC-USD | Mode: PAPER
2026-04-16 18:15:58,903 | HybridDCAInfinityGrid | WARNING  | ✅ BOT STARTED successfully
2026-04-16 18:16:00,905 | HybridDCAInfinityGrid | WARNING  | 💰 PROFIT RELEASE: 65.60% gain - selling 30%
2026-04-16 18:21:00,990 | HybridDCAInfinityGrid | WARNING  | 💰 PROFIT RELEASE: 65.67% gain - selling 30%
2026-04-16 18:26:01,084 | HybridDCAInfinityGrid | WARNING  | 💰 PROFIT RELEASE: 65.31% gain - selling 30%
2026-04-16 18:31:01,190 | HybridDCAInfinityGrid | WARNING  | 💰 PROFIT RELEASE: 65.45% gain - selling 30%
2026-04-16 18:36:01,262 | HybridDCAInfinityGrid | WARNING  | 💰 PROFIT RELEASE: 65.63% gain - selling 30%
2026-04-16 18:41:01,336 | HybridDCAInfinityGrid | WARNING  | 💰 PROFIT RELEASE: 65.88% gain - selling 30%
2026-04-16 18:46:01,409 | HybridDCAInfinityGrid | WARNING  | 💰 PROFIT RELEASE: 66.10% gain - selling 30%
2026-04-16 18:51:01,489 | HybridDCAInfinityGrid | WARNING  | 💰 PROFIT RELEASE: 66.23% gain - selling 30%
2026-04-16 18:56:01,571 | HybridDCAInfinityGrid | WARNING  | 💰 PROFIT RELEASE: 66.63% gain - selling 30%
2026-04-16 19:01:01,657 | HybridDCAInfinityGrid | WARNING  | 💰 PROFIT RELEASE: 66.84% gain - selling 30%
2026-04-16 19:06:02,250 | HybridDCAInfinityGrid | WARNING  | 💰 PROFIT RELEASE: 66.71% gain - selling 30%
2026-04-16 19:11:02,333 | HybridDCAInfinityGrid | WARNING  | 💰 PROFIT RELEASE: 66.46% gain - selling 30%
2026-04-16 19:16:02,408 | HybridDCAInfinityGrid | WARNING  | 💰 PROFIT RELEASE: 66.46% gain - selling 30%
2026-04-16 19:21:02,485 | HybridDCAInfinityGrid | WARNING  | 💰 PROFIT RELEASE: 66.66% gain - selling 30%
2026-04-16 19:26:02,559 | HybridDCAInfinityGrid | WARNING  | 💰 PROFIT RELEASE: 66.71% gain - selling 30%
2026-04-16 19:31:02,633 | HybridDCAInfinityGrid | WARNING  | 💰 PROFIT RELEASE: 66.84% gain - selling 30%
2026-04-16 19:36:02,714 | HybridDCAInfinityGrid | WARNING  | 💰 PROFIT RELEASE: 67.00% gain - selling 30%
2026-04-16 19:41:02,790 | HybridDCAInfinityGrid | WARNING  | 💰 PROFIT RELEASE: 67.23% gain - selling 30%
2026-04-16 19:46:02,866 | HybridDCAInfinityGrid | WARNING  | 💰 PROFIT RELEASE: 67.35% gain - selling 30%
2026-04-16 19:51:02,943 | HybridDCAInfinityGrid | WARNING  | 💰 PROFIT RELEASE: 67.33% gain - selling 30%
2026-04-16 19:56:03,011 | HybridDCAInfinityGrid | WARNING  | 💰 PROFIT RELEASE: 67.66% gain - selling 30%
2026-04-16 20:01:03,087 | HybridDCAInfinityGrid | WARNING  | 💰 PROFIT RELEASE: 67.85% gain - selling 30%
2026-04-16 20:06:03,155 | HybridDCAInfinityGrid | WARNING  | 💰 PROFIT RELEASE: 67.50% gain - selling 30%
2026-04-16 20:11:03,227 | HybridDCAInfinityGrid | WARNING  | 💰 PROFIT RELEASE: 67.50% gain - selling 30%
2026-04-16 20:16:03,304 | HybridDCAInfinityGrid | WARNING  | 💰 PROFIT RELEASE: 67.72% gain - selling 30%
2026-04-16 20:21:03,383 | HybridDCAInfinityGrid | WARNING  | 💰 PROFIT RELEASE: 67.16% gain - selling 30%
2026-04-16 20:26:03,465 | HybridDCAInfinityGrid | WARNING  | 💰 PROFIT RELEASE: 67.23% gain - selling 30%
2026-04-16 20:31:03,536 | HybridDCAInfinityGrid | WARNING  | 💰 PROFIT RELEASE: 67.07% gain - selling 30%
2026-04-16 20:36:03,614 | HybridDCAInfinityGrid | WARNING  | 💰 PROFIT RELEASE: 66.91% gain - selling 30%
2026-04-16 20:41:03,692 | HybridDCAInfinityGrid | WARNING  | 💰 PROFIT RELEASE: 66.94% gain - selling 30%
2026-04-16 20:46:03,773 | HybridDCAInfinityGrid | WARNING  | 💰 PROFIT RELEASE: 67.00% gain - selling 30%
2026-04-16 20:51:03,850 | HybridDCAInfinityGrid | WARNING  | 💰 PROFIT RELEASE: 67.33% gain - selling 30%
2026-04-16 20:56:03,927 | HybridDCAInfinityGrid | WARNING  | 💰 PROFIT RELEASE: 67.26% gain - selling 30%
2026-04-16 21:01:04,002 | HybridDCAInfinityGrid | WARNING  | 💰 PROFIT RELEASE: 67.45% gain - selling 30%
2026-04-16 21:06:04,074 | HybridDCAInfinityGrid | WARNING  | 💰 PROFIT RELEASE: 67.25% gain - selling 30%
2026-04-16 21:11:04,148 | HybridDCAInfinityGrid | WARNING  | 💰 PROFIT RELEASE: 67.40% gain - selling 30%
2026-04-16 21:16:04,225 | HybridDCAInfinityGrid | WARNING  | 💰 PROFIT RELEASE: 67.05% gain - selling 30%
2026-04-16 21:21:04,296 | HybridDCAInfinityGrid | WARNING  | 💰 PROFIT RELEASE: 66.73% gain - selling 30%
2026-04-16 21:26:04,373 | HybridDCAInfinityGrid | WARNING  | 💰 PROFIT RELEASE: 66.64% gain - selling 30%
2026-04-16 21:31:04,452 | HybridDCAInfinityGrid | WARNING  | 💰 PROFIT RELEASE: 66.62% gain - selling 30%
2026-04-16 21:36:04,525 | HybridDCAInfinityGrid | WARNING  | 💰 PROFIT RELEASE: 66.79% gain - selling 30%
2026-04-16 21:41:04,606 | HybridDCAInfinityGrid | WARNING  | 💰 PROFIT RELEASE: 66.80% gain - selling 30%
2026-04-16 21:46:04,694 | HybridDCAInfinityGrid | WARNING  | 💰 PROFIT RELEASE: 66.70% gain - selling 30%
2026-04-16 21:51:04,770 | HybridDCAInfinityGrid | WARNING  | 💰 PROFIT RELEASE: 66.82% gain - selling 30%
2026-04-16 21:56:04,847 | HybridDCAInfinityGrid | WARNING  | 💰 PROFIT RELEASE: 66.74% gain - selling 30%
2026-04-16 22:01:04,919 | HybridDCAInfinityGrid | WARNING  | 💰 PROFIT RELEASE: 66.86% gain - selling 30%
2026-04-16 22:06:04,982 | HybridDCAInfinityGrid | WARNING  | 💰 PROFIT RELEASE: 66.98% gain - selling 30%
2026-04-16 22:11:05,057 | HybridDCAInfinityGrid | WARNING  | 💰 PROFIT RELEASE: 66.89% gain - selling 30%
2026-04-16 22:16:05,129 | HybridDCAInfinityGrid | WARNING  | 💰 PROFIT RELEASE: 66.64% gain - selling 30%
2026-04-16 22:21:05,217 | HybridDCAInfinityGrid | WARNING  | 💰 PROFIT RELEASE: 66.60% gain - selling 30%
2026-04-16 22:26:05,290 | HybridDCAInfinityGrid | WARNING  | 💰 PROFIT RELEASE: 66.55% gain - selling 30%
2026-04-16 22:31:05,370 | HybridDCAInfinityGrid | WARNING  | 💰 PROFIT RELEASE: 66.68% gain - selling 30%
2026-04-16 22:36:05,442 | HybridDCAInfinityGrid | WARNING  | 💰 PROFIT RELEASE: 66.66% gain - selling 30%
2026-04-16 22:41:05,515 | HybridDCAInfinityGrid | WARNING  | 💰 PROFIT RELEASE: 66.72% gain - selling 30%
2026-04-16 22:46:05,594 | HybridDCAInfinityGrid | WARNING  | 💰 PROFIT RELEASE: 66.68% gain - selling 30%
2026-04-16 22:51:05,668 | HybridDCAInfinityGrid | WARNING  | 💰 PROFIT RELEASE: 66.61% gain - selling 30%
2026-04-16 22:56:05,769 | HybridDCAInfinityGrid | WARNING  | 💰 PROFIT RELEASE: 66.56% gain - selling 30%
2026-04-16 23:01:05,842 | HybridDCAInfinityGrid | WARNING  | 💰 PROFIT RELEASE: 66.57% gain - selling 30%
2026-04-16 23:06:05,909 | HybridDCAInfinityGrid | WARNING  | 💰 PROFIT RELEASE: 66.81% gain - selling 30%
2026-04-16 23:11:05,986 | HybridDCAInfinityGrid | WARNING  | 💰 PROFIT RELEASE: 66.85% gain - selling 30%
2026-04-16 23:16:06,059 | HybridDCAInfinityGrid | WARNING  | 💰 PROFIT RELEASE: 66.70% gain - selling 30%
2026-04-16 23:21:06,132 | HybridDCAInfinityGrid | WARNING  | 💰 PROFIT RELEASE: 66.87% gain - selling 30%
2026-04-16 23:26:06,206 | HybridDCAInfinityGrid | WARNING  | 💰 PROFIT RELEASE: 66.94% gain - selling 30%
2026-04-16 23:31:06,279 | HybridDCAInfinityGrid | WARNING  | 💰 PROFIT RELEASE: 66.91% gain - selling 30%
2026-04-16 23:36:06,388 | HybridDCAInfinityGrid | WARNING  | 💰 PROFIT RELEASE: 66.92% gain - selling 30%
2026-04-16 23:41:06,467 | HybridDCAInfinityGrid | WARNING  | 💰 PROFIT RELEASE: 67.11% gain - selling 30%
2026-04-16 23:46:06,549 | HybridDCAInfinityGrid | WARNING  | 💰 PROFIT RELEASE: 67.09% gain - selling 30%
2026-04-16 23:51:06,636 | HybridDCAInfinityGrid | WARNING  | 💰 PROFIT RELEASE: 67.00% gain - selling 30%
2026-04-16 23:56:06,716 | HybridDCAInfinityGrid | WARNING  | 💰 PROFIT RELEASE: 66.97% gain - selling 30%
2026-04-17 00:01:06,792 | HybridDCAInfinityGrid | WARNING  | 💰 PROFIT RELEASE: 67.12% gain - selling 30%
2026-04-17 00:06:06,860 | HybridDCAInfinityGrid | WARNING  | 💰 PROFIT RELEASE: 66.85% gain - selling 30%
2026-04-17 00:11:06,931 | HybridDCAInfinityGrid | WARNING  | 💰 PROFIT RELEASE: 66.88% gain - selling 30%
2026-04-17 00:16:07,001 | HybridDCAInfinityGrid | WARNING  | 💰 PROFIT RELEASE: 66.72% gain - selling 30%
2026-04-17 00:21:07,075 | HybridDCAInfinityGrid | WARNING  | 💰 PROFIT RELEASE: 66.80% gain - selling 30%
2026-04-17 00:26:07,151 | HybridDCAInfinityGrid | WARNING  | 💰 PROFIT RELEASE: 66.70% gain - selling 30%
2026-04-17 00:31:07,232 | HybridDCAInfinityGrid | WARNING  | 💰 PROFIT RELEASE: 66.98% gain - selling 30%
2026-04-17 00:36:07,309 | HybridDCAInfinityGrid | WARNING  | 💰 PROFIT RELEASE: 67.01% gain - selling 30%
2026-04-17 00:41:07,391 | HybridDCAInfinityGrid | WARNING  | 💰 PROFIT RELEASE: 66.86% gain - selling 30%
2026-04-17 00:46:07,473 | HybridDCAInfinityGrid | WARNING  | 💰 PROFIT RELEASE: 66.69% gain - selling 30%
2026-04-17 00:51:07,552 | HybridDCAInfinityGrid | WARNING  | 💰 PROFIT RELEASE: 66.70% gain - selling 30%
2026-04-17 00:56:07,624 | HybridDCAInfinityGrid | WARNING  | 💰 PROFIT RELEASE: 66.74% gain - selling 30%
2026-04-17 01:01:07,695 | HybridDCAInfinityGrid | WARNING  | 💰 PROFIT RELEASE: 66.71% gain - selling 30%
2026-04-17 01:06:07,765 | HybridDCAInfinityGrid | WARNING  | 💰 PROFIT RELEASE: 66.72% gain - selling 30%
2026-04-17 01:11:07,839 | HybridDCAInfinityGrid | WARNING  | 💰 PROFIT RELEASE: 66.72% gain - selling 30%
2026-04-17 01:16:07,908 | HybridDCAInfinityGrid | WARNING  | 💰 PROFIT RELEASE: 66.62% gain - selling 30%
2026-04-17 01:21:07,982 | HybridDCAInfinityGrid | WARNING  | 💰 PROFIT RELEASE: 66.57% gain - selling 30%
2026-04-17 01:26:08,050 | HybridDCAInfinityGrid | WARNING  | 💰 PROFIT RELEASE: 66.16% gain - selling 30%
2026-04-17 01:31:08,119 | HybridDCAInfinityGrid | WARNING  | 💰 PROFIT RELEASE: 66.26% gain - selling 30%
2026-04-17 01:36:08,194 | HybridDCAInfinityGrid | WARNING  | 💰 PROFIT RELEASE: 66.31% gain - selling 30%
2026-04-17 01:41:08,299 | HybridDCAInfinityGrid | WARNING  | 💰 PROFIT RELEASE: 66.30% gain - selling 30%
2026-04-17 01:46:08,369 | HybridDCAInfinityGrid | WARNING  | 💰 PROFIT RELEASE: 66.24% gain - selling 30%
2026-04-17 01:51:08,451 | HybridDCAInfinityGrid | WARNING  | 💰 PROFIT RELEASE: 65.92% gain - selling 30%
2026-04-17 01:56:08,527 | HybridDCAInfinityGrid | WARNING  | 💰 PROFIT RELEASE: 66.23% gain - selling 30%
2026-04-17 02:01:08,605 | HybridDCAInfinityGrid | WARNING  | 💰 PROFIT RELEASE: 66.23% gain - selling 30%
2026-04-17 02:06:08,686 | HybridDCAInfinityGrid | WARNING  | 💰 PROFIT RELEASE: 66.30% gain - selling 30%
2026-04-17 02:11:08,763 | HybridDCAInfinityGrid | WARNING  | 💰 PROFIT RELEASE: 66.18% gain - selling 30%
2026-04-17 02:16:08,830 | HybridDCAInfinityGrid | WARNING  | 💰 PROFIT RELEASE: 66.14% gain - selling 30%
2026-04-17 02:21:08,902 | HybridDCAInfinityGrid | WARNING  | 💰 PROFIT RELEASE: 65.97% gain - selling 30%
2026-04-17 02:26:08,977 | HybridDCAInfinityGrid | WARNING  | 💰 PROFIT RELEASE: 66.09% gain - selling 30%
2026-04-17 02:31:09,049 | HybridDCAInfinityGrid | WARNING  | 💰 PROFIT RELEASE: 65.94% gain - selling 30%
2026-04-17 02:36:09,122 | HybridDCAInfinityGrid | WARNING  | 💰 PROFIT RELEASE: 66.05% gain - selling 30%
2026-04-17 02:41:09,196 | HybridDCAInfinityGrid | WARNING  | 💰 PROFIT RELEASE: 66.25% gain - selling 30%
2026-04-17 02:46:09,271 | HybridDCAInfinityGrid | WARNING  | 💰 PROFIT RELEASE: 66.14% gain - selling 30%
2026-04-17 02:51:09,369 | HybridDCAInfinityGrid | WARNING  | 💰 PROFIT RELEASE: 66.05% gain - selling 30%
2026-04-17 02:56:09,454 | HybridDCAInfinityGrid | WARNING  | 💰 PROFIT RELEASE: 66.16% gain - selling 30%
2026-04-17 03:01:09,529 | HybridDCAInfinityGrid | WARNING  | 💰 PROFIT RELEASE: 66.15% gain - selling 30%
2026-04-17 03:06:09,607 | HybridDCAInfinityGrid | WARNING  | 💰 PROFIT RELEASE: 65.98% gain - selling 30%
2026-04-17 03:11:09,682 | HybridDCAInfinityGrid | WARNING  | 💰 PROFIT RELEASE: 66.13% gain - selling 30%
2026-04-17 03:16:09,762 | HybridDCAInfinityGrid | WARNING  | 💰 PROFIT RELEASE: 66.17% gain - selling 30%
2026-04-17 03:21:09,844 | HybridDCAInfinityGrid | WARNING  | 💰 PROFIT RELEASE: 66.14% gain - selling 30%
2026-04-18 09:23:38,504 | HybridDCAInfinityGrid | WARNING  | 🚀 STARTING BOT: BTC-USD | Mode: PAPER
2026-04-18 09:25:51,002 | HybridDCAInfinityGrid | WARNING  | ✅ BOT STARTED successfully
2026-04-18 09:25:53,003 | HybridDCAInfinityGrid | WARNING  | 💰 PROFIT RELEASE: 70.25% gain - selling 0.004843 BTC ($370.66)
2026-04-18 09:30:53,073 | HybridDCAInfinityGrid | WARNING  | 💰 PROFIT RELEASE: 70.31% gain - selling 0.003242 BTC ($248.22)
2026-04-18 09:35:53,136 | HybridDCAInfinityGrid | WARNING  | 💰 PROFIT RELEASE: 70.49% gain - selling 0.001641 BTC ($125.78)
2026-04-18 09:40:53,198 | HybridDCAInfinityGrid | WARNING  | 💰 PROFIT RELEASE: 70.47% gain - selling 0.000039 BTC ($2.99)
2026-04-18 09:45:53,262 | HybridDCAInfinityGrid | WARNING  | 💰 PROFIT RELEASE: 70.45% gain - selling 0.000019 BTC ($1.46)
2026-04-18 09:46:13,113 | HybridDCAInfinityGrid | WARNING  | Account balance display failed: HTTP Error 401: Unauthorized
2026-04-18 09:46:13,113 | HybridDCAInfinityGrid | WARNING  | Unable to load account balance
2026-04-18 09:46:13,311 | HybridDCAInfinityGrid | WARNING  | Symbol info fetch failed: HTTP Error 400: Bad Request
2026-04-18 09:46:13,312 | HybridDCAInfinityGrid | WARNING  | 🚀 STARTING BOT: BTC-USD | Mode: LIVE
2026-04-18 09:46:13,669 | HybridDCAInfinityGrid | ERROR    | ❌ Failed to start bot: HTTP Error 401: Unauthorized
Traceback (most recent call last):
  File "/workspaces/https-github.com-e8723861-spec-NEW/hybrid_dca_grid.py", line 442, in start
    acct = self.api.get_account()
           ^^^^^^^^^^^^^^^^^^^^^^
  File "/workspaces/https-github.com-e8723861-spec-NEW/your_powertrader_file.py", line 257, in get_account
    resp = self._send_binance_request("GET", "/api/v3/account")
           ^^^^^^^^^^^^^^^^^^^^^^^^^^^^^^^^^^^^^^^^^^^^^^^^^^^^
  File "/workspaces/https-github.com-e8723861-spec-NEW/your_powertrader_file.py", line 129, in _send_binance_request
    with urllib.request.urlopen(request, timeout=15, context=ssl.create_default_context()) as response:
         ^^^^^^^^^^^^^^^^^^^^^^^^^^^^^^^^^^^^^^^^^^^^^^^^^^^^^^^^^^^^^^^^^^^^^^^^^^^^^^^^^
  File "/usr/lib/python3.12/urllib/request.py", line 215, in urlopen
    return opener.open(url, data, timeout)
           ^^^^^^^^^^^^^^^^^^^^^^^^^^^^^^^
  File "/usr/lib/python3.12/urllib/request.py", line 521, in open
    response = meth(req, response)
               ^^^^^^^^^^^^^^^^^^^
  File "/usr/lib/python3.12/urllib/request.py", line 630, in http_response
    response = self.parent.error(
               ^^^^^^^^^^^^^^^^^^
  File "/usr/lib/python3.12/urllib/request.py", line 559, in error
    return self._call_chain(*args)
           ^^^^^^^^^^^^^^^^^^^^^^^
  File "/usr/lib/python3.12/urllib/request.py", line 492, in _call_chain
    result = func(*args)
             ^^^^^^^^^^^
  File "/usr/lib/python3.12/urllib/request.py", line 639, in http_error_default
    raise HTTPError(req.full_url, code, msg, hdrs, fp)
urllib.error.HTTPError: HTTP Error 401: Unauthorized
2026-04-18 13:21:40,468 | HybridDCAInfinityGrid | WARNING  | 🚀 STARTING BOT: BTC-USD | Mode: PAPER
2026-04-18 13:22:06,508 | HybridDCAInfinityGrid | WARNING  | Symbol info fetch failed: HTTP Error 400: Bad Request
2026-04-18 13:22:06,509 | HybridDCAInfinityGrid | WARNING  | 🚀 STARTING BOT: BTC-USD | Mode: LIVE
2026-04-18 13:23:00,039 | HybridDCAInfinityGrid | ERROR    | Order placement error: HTTP Error 400: Bad Request
Traceback (most recent call last):
  File "/workspaces/https-github.com-e8723861-spec-NEW/hybrid_dca_grid.py", line 682, in _place_limit_order
    resp = self.api.make_api_request("POST", "/api/v3/order", json.dumps(params))
           ^^^^^^^^^^^^^^^^^^^^^^^^^^^^^^^^^^^^^^^^^^^^^^^^^^^^^^^^^^^^^^^^^^^^^^
  File "/workspaces/https-github.com-e8723861-spec-NEW/your_powertrader_file.py", line 87, in make_api_request
    return self._send_binance_request(method, endpoint, data)
           ^^^^^^^^^^^^^^^^^^^^^^^^^^^^^^^^^^^^^^^^^^^^^^^^^^
  File "/workspaces/https-github.com-e8723861-spec-NEW/your_powertrader_file.py", line 129, in _send_binance_request
    with urllib.request.urlopen(request, timeout=15, context=ssl.create_default_context()) as response:
         ^^^^^^^^^^^^^^^^^^^^^^^^^^^^^^^^^^^^^^^^^^^^^^^^^^^^^^^^^^^^^^^^^^^^^^^^^^^^^^^^^
  File "/usr/local/python/3.12.1/lib/python3.12/urllib/request.py", line 215, in urlopen
    return opener.open(url, data, timeout)
           ^^^^^^^^^^^^^^^^^^^^^^^^^^^^^^^
  File "/usr/local/python/3.12.1/lib/python3.12/urllib/request.py", line 521, in open
    response = meth(req, response)
               ^^^^^^^^^^^^^^^^^^^
  File "/usr/local/python/3.12.1/lib/python3.12/urllib/request.py", line 630, in http_response
    response = self.parent.error(
               ^^^^^^^^^^^^^^^^^^
  File "/usr/local/python/3.12.1/lib/python3.12/urllib/request.py", line 559, in error
    return self._call_chain(*args)
           ^^^^^^^^^^^^^^^^^^^^^^^
  File "/usr/local/python/3.12.1/lib/python3.12/urllib/request.py", line 492, in _call_chain
    result = func(*args)
             ^^^^^^^^^^^
  File "/usr/local/python/3.12.1/lib/python3.12/urllib/request.py", line 639, in http_error_default
    raise HTTPError(req.full_url, code, msg, hdrs, fp)
urllib.error.HTTPError: HTTP Error 400: Bad Request
2026-04-18 13:23:00,215 | HybridDCAInfinityGrid | ERROR    | Order placement error: HTTP Error 400: Bad Request
Traceback (most recent call last):
  File "/workspaces/https-github.com-e8723861-spec-NEW/hybrid_dca_grid.py", line 682, in _place_limit_order
    resp = self.api.make_api_request("POST", "/api/v3/order", json.dumps(params))
           ^^^^^^^^^^^^^^^^^^^^^^^^^^^^^^^^^^^^^^^^^^^^^^^^^^^^^^^^^^^^^^^^^^^^^^
  File "/workspaces/https-github.com-e8723861-spec-NEW/your_powertrader_file.py", line 87, in make_api_request
    return self._send_binance_request(method, endpoint, data)
           ^^^^^^^^^^^^^^^^^^^^^^^^^^^^^^^^^^^^^^^^^^^^^^^^^^
  File "/workspaces/https-github.com-e8723861-spec-NEW/your_powertrader_file.py", line 129, in _send_binance_request
    with urllib.request.urlopen(request, timeout=15, context=ssl.create_default_context()) as response:
         ^^^^^^^^^^^^^^^^^^^^^^^^^^^^^^^^^^^^^^^^^^^^^^^^^^^^^^^^^^^^^^^^^^^^^^^^^^^^^^^^^
  File "/usr/local/python/3.12.1/lib/python3.12/urllib/request.py", line 215, in urlopen
    return opener.open(url, data, timeout)
           ^^^^^^^^^^^^^^^^^^^^^^^^^^^^^^^
  File "/usr/local/python/3.12.1/lib/python3.12/urllib/request.py", line 521, in open
    response = meth(req, response)
               ^^^^^^^^^^^^^^^^^^^
  File "/usr/local/python/3.12.1/lib/python3.12/urllib/request.py", line 630, in http_response
    response = self.parent.error(
               ^^^^^^^^^^^^^^^^^^
  File "/usr/local/python/3.12.1/lib/python3.12/urllib/request.py", line 559, in error
    return self._call_chain(*args)
           ^^^^^^^^^^^^^^^^^^^^^^^
  File "/usr/local/python/3.12.1/lib/python3.12/urllib/request.py", line 492, in _call_chain
    result = func(*args)
             ^^^^^^^^^^^
  File "/usr/local/python/3.12.1/lib/python3.12/urllib/request.py", line 639, in http_error_default
    raise HTTPError(req.full_url, code, msg, hdrs, fp)
urllib.error.HTTPError: HTTP Error 400: Bad Request
2026-04-18 13:23:00,388 | HybridDCAInfinityGrid | ERROR    | Order placement error: HTTP Error 400: Bad Request
Traceback (most recent call last):
  File "/workspaces/https-github.com-e8723861-spec-NEW/hybrid_dca_grid.py", line 682, in _place_limit_order
    resp = self.api.make_api_request("POST", "/api/v3/order", json.dumps(params))
           ^^^^^^^^^^^^^^^^^^^^^^^^^^^^^^^^^^^^^^^^^^^^^^^^^^^^^^^^^^^^^^^^^^^^^^
  File "/workspaces/https-github.com-e8723861-spec-NEW/your_powertrader_file.py", line 87, in make_api_request
    return self._send_binance_request(method, endpoint, data)
           ^^^^^^^^^^^^^^^^^^^^^^^^^^^^^^^^^^^^^^^^^^^^^^^^^^
  File "/workspaces/https-github.com-e8723861-spec-NEW/your_powertrader_file.py", line 129, in _send_binance_request
    with urllib.request.urlopen(request, timeout=15, context=ssl.create_default_context()) as response:
         ^^^^^^^^^^^^^^^^^^^^^^^^^^^^^^^^^^^^^^^^^^^^^^^^^^^^^^^^^^^^^^^^^^^^^^^^^^^^^^^^^
  File "/usr/local/python/3.12.1/lib/python3.12/urllib/request.py", line 215, in urlopen
    return opener.open(url, data, timeout)
           ^^^^^^^^^^^^^^^^^^^^^^^^^^^^^^^
  File "/usr/local/python/3.12.1/lib/python3.12/urllib/request.py", line 521, in open
    response = meth(req, response)
               ^^^^^^^^^^^^^^^^^^^
  File "/usr/local/python/3.12.1/lib/python3.12/urllib/request.py", line 630, in http_response
    response = self.parent.error(
               ^^^^^^^^^^^^^^^^^^
  File "/usr/local/python/3.12.1/lib/python3.12/urllib/request.py", line 559, in error
    return self._call_chain(*args)
           ^^^^^^^^^^^^^^^^^^^^^^^
  File "/usr/local/python/3.12.1/lib/python3.12/urllib/request.py", line 492, in _call_chain
    result = func(*args)
             ^^^^^^^^^^^
  File "/usr/local/python/3.12.1/lib/python3.12/urllib/request.py", line 639, in http_error_default
    raise HTTPError(req.full_url, code, msg, hdrs, fp)
urllib.error.HTTPError: HTTP Error 400: Bad Request
2026-04-18 13:23:00,559 | HybridDCAInfinityGrid | ERROR    | Order placement error: HTTP Error 400: Bad Request
Traceback (most recent call last):
  File "/workspaces/https-github.com-e8723861-spec-NEW/hybrid_dca_grid.py", line 682, in _place_limit_order
    resp = self.api.make_api_request("POST", "/api/v3/order", json.dumps(params))
           ^^^^^^^^^^^^^^^^^^^^^^^^^^^^^^^^^^^^^^^^^^^^^^^^^^^^^^^^^^^^^^^^^^^^^^
  File "/workspaces/https-github.com-e8723861-spec-NEW/your_powertrader_file.py", line 87, in make_api_request
    return self._send_binance_request(method, endpoint, data)
           ^^^^^^^^^^^^^^^^^^^^^^^^^^^^^^^^^^^^^^^^^^^^^^^^^^
  File "/workspaces/https-github.com-e8723861-spec-NEW/your_powertrader_file.py", line 129, in _send_binance_request
    with urllib.request.urlopen(request, timeout=15, context=ssl.create_default_context()) as response:
         ^^^^^^^^^^^^^^^^^^^^^^^^^^^^^^^^^^^^^^^^^^^^^^^^^^^^^^^^^^^^^^^^^^^^^^^^^^^^^^^^^
  File "/usr/local/python/3.12.1/lib/python3.12/urllib/request.py", line 215, in urlopen
    return opener.open(url, data, timeout)
           ^^^^^^^^^^^^^^^^^^^^^^^^^^^^^^^
  File "/usr/local/python/3.12.1/lib/python3.12/urllib/request.py", line 521, in open
    response = meth(req, response)
               ^^^^^^^^^^^^^^^^^^^
  File "/usr/local/python/3.12.1/lib/python3.12/urllib/request.py", line 630, in http_response
    response = self.parent.error(
               ^^^^^^^^^^^^^^^^^^
  File "/usr/local/python/3.12.1/lib/python3.12/urllib/request.py", line 559, in error
    return self._call_chain(*args)
           ^^^^^^^^^^^^^^^^^^^^^^^
  File "/usr/local/python/3.12.1/lib/python3.12/urllib/request.py", line 492, in _call_chain
    result = func(*args)
             ^^^^^^^^^^^
  File "/usr/local/python/3.12.1/lib/python3.12/urllib/request.py", line 639, in http_error_default
    raise HTTPError(req.full_url, code, msg, hdrs, fp)
urllib.error.HTTPError: HTTP Error 400: Bad Request
2026-04-18 13:23:00,740 | HybridDCAInfinityGrid | ERROR    | Order placement error: HTTP Error 400: Bad Request
Traceback (most recent call last):
  File "/workspaces/https-github.com-e8723861-spec-NEW/hybrid_dca_grid.py", line 682, in _place_limit_order
    resp = self.api.make_api_request("POST", "/api/v3/order", json.dumps(params))
           ^^^^^^^^^^^^^^^^^^^^^^^^^^^^^^^^^^^^^^^^^^^^^^^^^^^^^^^^^^^^^^^^^^^^^^
  File "/workspaces/https-github.com-e8723861-spec-NEW/your_powertrader_file.py", line 87, in make_api_request
    return self._send_binance_request(method, endpoint, data)
           ^^^^^^^^^^^^^^^^^^^^^^^^^^^^^^^^^^^^^^^^^^^^^^^^^^
  File "/workspaces/https-github.com-e8723861-spec-NEW/your_powertrader_file.py", line 129, in _send_binance_request
    with urllib.request.urlopen(request, timeout=15, context=ssl.create_default_context()) as response:
         ^^^^^^^^^^^^^^^^^^^^^^^^^^^^^^^^^^^^^^^^^^^^^^^^^^^^^^^^^^^^^^^^^^^^^^^^^^^^^^^^^
  File "/usr/local/python/3.12.1/lib/python3.12/urllib/request.py", line 215, in urlopen
    return opener.open(url, data, timeout)
           ^^^^^^^^^^^^^^^^^^^^^^^^^^^^^^^
  File "/usr/local/python/3.12.1/lib/python3.12/urllib/request.py", line 521, in open
    response = meth(req, response)
               ^^^^^^^^^^^^^^^^^^^
  File "/usr/local/python/3.12.1/lib/python3.12/urllib/request.py", line 630, in http_response
    response = self.parent.error(
               ^^^^^^^^^^^^^^^^^^
  File "/usr/local/python/3.12.1/lib/python3.12/urllib/request.py", line 559, in error
    return self._call_chain(*args)
           ^^^^^^^^^^^^^^^^^^^^^^^
  File "/usr/local/python/3.12.1/lib/python3.12/urllib/request.py", line 492, in _call_chain
    result = func(*args)
             ^^^^^^^^^^^
  File "/usr/local/python/3.12.1/lib/python3.12/urllib/request.py", line 639, in http_error_default
    raise HTTPError(req.full_url, code, msg, hdrs, fp)
urllib.error.HTTPError: HTTP Error 400: Bad Request
2026-04-18 13:23:00,913 | HybridDCAInfinityGrid | ERROR    | Order placement error: HTTP Error 400: Bad Request
Traceback (most recent call last):
  File "/workspaces/https-github.com-e8723861-spec-NEW/hybrid_dca_grid.py", line 682, in _place_limit_order
    resp = self.api.make_api_request("POST", "/api/v3/order", json.dumps(params))
           ^^^^^^^^^^^^^^^^^^^^^^^^^^^^^^^^^^^^^^^^^^^^^^^^^^^^^^^^^^^^^^^^^^^^^^
  File "/workspaces/https-github.com-e8723861-spec-NEW/your_powertrader_file.py", line 87, in make_api_request
    return self._send_binance_request(method, endpoint, data)
           ^^^^^^^^^^^^^^^^^^^^^^^^^^^^^^^^^^^^^^^^^^^^^^^^^^
  File "/workspaces/https-github.com-e8723861-spec-NEW/your_powertrader_file.py", line 129, in _send_binance_request
    with urllib.request.urlopen(request, timeout=15, context=ssl.create_default_context()) as response:
         ^^^^^^^^^^^^^^^^^^^^^^^^^^^^^^^^^^^^^^^^^^^^^^^^^^^^^^^^^^^^^^^^^^^^^^^^^^^^^^^^^
  File "/usr/local/python/3.12.1/lib/python3.12/urllib/request.py", line 215, in urlopen
    return opener.open(url, data, timeout)
           ^^^^^^^^^^^^^^^^^^^^^^^^^^^^^^^
  File "/usr/local/python/3.12.1/lib/python3.12/urllib/request.py", line 521, in open
    response = meth(req, response)
               ^^^^^^^^^^^^^^^^^^^
  File "/usr/local/python/3.12.1/lib/python3.12/urllib/request.py", line 630, in http_response
    response = self.parent.error(
               ^^^^^^^^^^^^^^^^^^
  File "/usr/local/python/3.12.1/lib/python3.12/urllib/request.py", line 559, in error
    return self._call_chain(*args)
           ^^^^^^^^^^^^^^^^^^^^^^^
  File "/usr/local/python/3.12.1/lib/python3.12/urllib/request.py", line 492, in _call_chain
    result = func(*args)
             ^^^^^^^^^^^
  File "/usr/local/python/3.12.1/lib/python3.12/urllib/request.py", line 639, in http_error_default
    raise HTTPError(req.full_url, code, msg, hdrs, fp)
urllib.error.HTTPError: HTTP Error 400: Bad Request
2026-04-18 13:23:01,088 | HybridDCAInfinityGrid | ERROR    | Order placement error: HTTP Error 400: Bad Request
Traceback (most recent call last):
  File "/workspaces/https-github.com-e8723861-spec-NEW/hybrid_dca_grid.py", line 682, in _place_limit_order
    resp = self.api.make_api_request("POST", "/api/v3/order", json.dumps(params))
           ^^^^^^^^^^^^^^^^^^^^^^^^^^^^^^^^^^^^^^^^^^^^^^^^^^^^^^^^^^^^^^^^^^^^^^
  File "/workspaces/https-github.com-e8723861-spec-NEW/your_powertrader_file.py", line 87, in make_api_request
    return self._send_binance_request(method, endpoint, data)
           ^^^^^^^^^^^^^^^^^^^^^^^^^^^^^^^^^^^^^^^^^^^^^^^^^^
  File "/workspaces/https-github.com-e8723861-spec-NEW/your_powertrader_file.py", line 129, in _send_binance_request
    with urllib.request.urlopen(request, timeout=15, context=ssl.create_default_context()) as response:
         ^^^^^^^^^^^^^^^^^^^^^^^^^^^^^^^^^^^^^^^^^^^^^^^^^^^^^^^^^^^^^^^^^^^^^^^^^^^^^^^^^
  File "/usr/local/python/3.12.1/lib/python3.12/urllib/request.py", line 215, in urlopen
    return opener.open(url, data, timeout)
           ^^^^^^^^^^^^^^^^^^^^^^^^^^^^^^^
  File "/usr/local/python/3.12.1/lib/python3.12/urllib/request.py", line 521, in open
    response = meth(req, response)
               ^^^^^^^^^^^^^^^^^^^
  File "/usr/local/python/3.12.1/lib/python3.12/urllib/request.py", line 630, in http_response
    response = self.parent.error(
               ^^^^^^^^^^^^^^^^^^
  File "/usr/local/python/3.12.1/lib/python3.12/urllib/request.py", line 559, in error
    return self._call_chain(*args)
           ^^^^^^^^^^^^^^^^^^^^^^^
  File "/usr/local/python/3.12.1/lib/python3.12/urllib/request.py", line 492, in _call_chain
    result = func(*args)
             ^^^^^^^^^^^
  File "/usr/local/python/3.12.1/lib/python3.12/urllib/request.py", line 639, in http_error_default
    raise HTTPError(req.full_url, code, msg, hdrs, fp)
urllib.error.HTTPError: HTTP Error 400: Bad Request
2026-04-18 13:23:01,275 | HybridDCAInfinityGrid | ERROR    | Order placement error: HTTP Error 400: Bad Request
Traceback (most recent call last):
  File "/workspaces/https-github.com-e8723861-spec-NEW/hybrid_dca_grid.py", line 682, in _place_limit_order
    resp = self.api.make_api_request("POST", "/api/v3/order", json.dumps(params))
           ^^^^^^^^^^^^^^^^^^^^^^^^^^^^^^^^^^^^^^^^^^^^^^^^^^^^^^^^^^^^^^^^^^^^^^
  File "/workspaces/https-github.com-e8723861-spec-NEW/your_powertrader_file.py", line 87, in make_api_request
    return self._send_binance_request(method, endpoint, data)
           ^^^^^^^^^^^^^^^^^^^^^^^^^^^^^^^^^^^^^^^^^^^^^^^^^^
  File "/workspaces/https-github.com-e8723861-spec-NEW/your_powertrader_file.py", line 129, in _send_binance_request
    with urllib.request.urlopen(request, timeout=15, context=ssl.create_default_context()) as response:
         ^^^^^^^^^^^^^^^^^^^^^^^^^^^^^^^^^^^^^^^^^^^^^^^^^^^^^^^^^^^^^^^^^^^^^^^^^^^^^^^^^
  File "/usr/local/python/3.12.1/lib/python3.12/urllib/request.py", line 215, in urlopen
    return opener.open(url, data, timeout)
           ^^^^^^^^^^^^^^^^^^^^^^^^^^^^^^^
  File "/usr/local/python/3.12.1/lib/python3.12/urllib/request.py", line 521, in open
    response = meth(req, response)
               ^^^^^^^^^^^^^^^^^^^
  File "/usr/local/python/3.12.1/lib/python3.12/urllib/request.py", line 630, in http_response
    response = self.parent.error(
               ^^^^^^^^^^^^^^^^^^
  File "/usr/local/python/3.12.1/lib/python3.12/urllib/request.py", line 559, in error
    return self._call_chain(*args)
           ^^^^^^^^^^^^^^^^^^^^^^^
  File "/usr/local/python/3.12.1/lib/python3.12/urllib/request.py", line 492, in _call_chain
    result = func(*args)
             ^^^^^^^^^^^
  File "/usr/local/python/3.12.1/lib/python3.12/urllib/request.py", line 639, in http_error_default
    raise HTTPError(req.full_url, code, msg, hdrs, fp)
urllib.error.HTTPError: HTTP Error 400: Bad Request
2026-04-18 13:23:01,452 | HybridDCAInfinityGrid | ERROR    | Order placement error: HTTP Error 400: Bad Request
Traceback (most recent call last):
  File "/workspaces/https-github.com-e8723861-spec-NEW/hybrid_dca_grid.py", line 682, in _place_limit_order
    resp = self.api.make_api_request("POST", "/api/v3/order", json.dumps(params))
           ^^^^^^^^^^^^^^^^^^^^^^^^^^^^^^^^^^^^^^^^^^^^^^^^^^^^^^^^^^^^^^^^^^^^^^
  File "/workspaces/https-github.com-e8723861-spec-NEW/your_powertrader_file.py", line 87, in make_api_request
    return self._send_binance_request(method, endpoint, data)
           ^^^^^^^^^^^^^^^^^^^^^^^^^^^^^^^^^^^^^^^^^^^^^^^^^^
  File "/workspaces/https-github.com-e8723861-spec-NEW/your_powertrader_file.py", line 129, in _send_binance_request
    with urllib.request.urlopen(request, timeout=15, context=ssl.create_default_context()) as response:
         ^^^^^^^^^^^^^^^^^^^^^^^^^^^^^^^^^^^^^^^^^^^^^^^^^^^^^^^^^^^^^^^^^^^^^^^^^^^^^^^^^
  File "/usr/local/python/3.12.1/lib/python3.12/urllib/request.py", line 215, in urlopen
    return opener.open(url, data, timeout)
           ^^^^^^^^^^^^^^^^^^^^^^^^^^^^^^^
  File "/usr/local/python/3.12.1/lib/python3.12/urllib/request.py", line 521, in open
    response = meth(req, response)
               ^^^^^^^^^^^^^^^^^^^
  File "/usr/local/python/3.12.1/lib/python3.12/urllib/request.py", line 630, in http_response
    response = self.parent.error(
               ^^^^^^^^^^^^^^^^^^
  File "/usr/local/python/3.12.1/lib/python3.12/urllib/request.py", line 559, in error
    return self._call_chain(*args)
           ^^^^^^^^^^^^^^^^^^^^^^^
  File "/usr/local/python/3.12.1/lib/python3.12/urllib/request.py", line 492, in _call_chain
    result = func(*args)
             ^^^^^^^^^^^
  File "/usr/local/python/3.12.1/lib/python3.12/urllib/request.py", line 639, in http_error_default
    raise HTTPError(req.full_url, code, msg, hdrs, fp)
urllib.error.HTTPError: HTTP Error 400: Bad Request
2026-04-18 13:23:01,626 | HybridDCAInfinityGrid | ERROR    | Order placement error: HTTP Error 400: Bad Request
Traceback (most recent call last):
  File "/workspaces/https-github.com-e8723861-spec-NEW/hybrid_dca_grid.py", line 682, in _place_limit_order
    resp = self.api.make_api_request("POST", "/api/v3/order", json.dumps(params))
           ^^^^^^^^^^^^^^^^^^^^^^^^^^^^^^^^^^^^^^^^^^^^^^^^^^^^^^^^^^^^^^^^^^^^^^
  File "/workspaces/https-github.com-e8723861-spec-NEW/your_powertrader_file.py", line 87, in make_api_request
    return self._send_binance_request(method, endpoint, data)
           ^^^^^^^^^^^^^^^^^^^^^^^^^^^^^^^^^^^^^^^^^^^^^^^^^^
  File "/workspaces/https-github.com-e8723861-spec-NEW/your_powertrader_file.py", line 129, in _send_binance_request
    with urllib.request.urlopen(request, timeout=15, context=ssl.create_default_context()) as response:
         ^^^^^^^^^^^^^^^^^^^^^^^^^^^^^^^^^^^^^^^^^^^^^^^^^^^^^^^^^^^^^^^^^^^^^^^^^^^^^^^^^
  File "/usr/local/python/3.12.1/lib/python3.12/urllib/request.py", line 215, in urlopen
    return opener.open(url, data, timeout)
           ^^^^^^^^^^^^^^^^^^^^^^^^^^^^^^^
  File "/usr/local/python/3.12.1/lib/python3.12/urllib/request.py", line 521, in open
    response = meth(req, response)
               ^^^^^^^^^^^^^^^^^^^
  File "/usr/local/python/3.12.1/lib/python3.12/urllib/request.py", line 630, in http_response
    response = self.parent.error(
               ^^^^^^^^^^^^^^^^^^
  File "/usr/local/python/3.12.1/lib/python3.12/urllib/request.py", line 559, in error
    return self._call_chain(*args)
           ^^^^^^^^^^^^^^^^^^^^^^^
  File "/usr/local/python/3.12.1/lib/python3.12/urllib/request.py", line 492, in _call_chain
    result = func(*args)
             ^^^^^^^^^^^
  File "/usr/local/python/3.12.1/lib/python3.12/urllib/request.py", line 639, in http_error_default
    raise HTTPError(req.full_url, code, msg, hdrs, fp)
urllib.error.HTTPError: HTTP Error 400: Bad Request
2026-04-18 13:23:01,800 | HybridDCAInfinityGrid | ERROR    | Order placement error: HTTP Error 400: Bad Request
Traceback (most recent call last):
  File "/workspaces/https-github.com-e8723861-spec-NEW/hybrid_dca_grid.py", line 682, in _place_limit_order
    resp = self.api.make_api_request("POST", "/api/v3/order", json.dumps(params))
           ^^^^^^^^^^^^^^^^^^^^^^^^^^^^^^^^^^^^^^^^^^^^^^^^^^^^^^^^^^^^^^^^^^^^^^
  File "/workspaces/https-github.com-e8723861-spec-NEW/your_powertrader_file.py", line 87, in make_api_request
    return self._send_binance_request(method, endpoint, data)
           ^^^^^^^^^^^^^^^^^^^^^^^^^^^^^^^^^^^^^^^^^^^^^^^^^^
  File "/workspaces/https-github.com-e8723861-spec-NEW/your_powertrader_file.py", line 129, in _send_binance_request
    with urllib.request.urlopen(request, timeout=15, context=ssl.create_default_context()) as response:
         ^^^^^^^^^^^^^^^^^^^^^^^^^^^^^^^^^^^^^^^^^^^^^^^^^^^^^^^^^^^^^^^^^^^^^^^^^^^^^^^^^
  File "/usr/local/python/3.12.1/lib/python3.12/urllib/request.py", line 215, in urlopen
    return opener.open(url, data, timeout)
           ^^^^^^^^^^^^^^^^^^^^^^^^^^^^^^^
  File "/usr/local/python/3.12.1/lib/python3.12/urllib/request.py", line 521, in open
    response = meth(req, response)
               ^^^^^^^^^^^^^^^^^^^
  File "/usr/local/python/3.12.1/lib/python3.12/urllib/request.py", line 630, in http_response
    response = self.parent.error(
               ^^^^^^^^^^^^^^^^^^
  File "/usr/local/python/3.12.1/lib/python3.12/urllib/request.py", line 559, in error
    return self._call_chain(*args)
           ^^^^^^^^^^^^^^^^^^^^^^^
  File "/usr/local/python/3.12.1/lib/python3.12/urllib/request.py", line 492, in _call_chain
    result = func(*args)
             ^^^^^^^^^^^
  File "/usr/local/python/3.12.1/lib/python3.12/urllib/request.py", line 639, in http_error_default
    raise HTTPError(req.full_url, code, msg, hdrs, fp)
urllib.error.HTTPError: HTTP Error 400: Bad Request
2026-04-18 13:23:01,977 | HybridDCAInfinityGrid | ERROR    | Order placement error: HTTP Error 400: Bad Request
Traceback (most recent call last):
  File "/workspaces/https-github.com-e8723861-spec-NEW/hybrid_dca_grid.py", line 682, in _place_limit_order
    resp = self.api.make_api_request("POST", "/api/v3/order", json.dumps(params))
           ^^^^^^^^^^^^^^^^^^^^^^^^^^^^^^^^^^^^^^^^^^^^^^^^^^^^^^^^^^^^^^^^^^^^^^
  File "/workspaces/https-github.com-e8723861-spec-NEW/your_powertrader_file.py", line 87, in make_api_request
    return self._send_binance_request(method, endpoint, data)
           ^^^^^^^^^^^^^^^^^^^^^^^^^^^^^^^^^^^^^^^^^^^^^^^^^^
  File "/workspaces/https-github.com-e8723861-spec-NEW/your_powertrader_file.py", line 129, in _send_binance_request
    with urllib.request.urlopen(request, timeout=15, context=ssl.create_default_context()) as response:
         ^^^^^^^^^^^^^^^^^^^^^^^^^^^^^^^^^^^^^^^^^^^^^^^^^^^^^^^^^^^^^^^^^^^^^^^^^^^^^^^^^
  File "/usr/local/python/3.12.1/lib/python3.12/urllib/request.py", line 215, in urlopen
    return opener.open(url, data, timeout)
           ^^^^^^^^^^^^^^^^^^^^^^^^^^^^^^^
  File "/usr/local/python/3.12.1/lib/python3.12/urllib/request.py", line 521, in open
    response = meth(req, response)
               ^^^^^^^^^^^^^^^^^^^
  File "/usr/local/python/3.12.1/lib/python3.12/urllib/request.py", line 630, in http_response
    response = self.parent.error(
               ^^^^^^^^^^^^^^^^^^
  File "/usr/local/python/3.12.1/lib/python3.12/urllib/request.py", line 559, in error
    return self._call_chain(*args)
           ^^^^^^^^^^^^^^^^^^^^^^^
  File "/usr/local/python/3.12.1/lib/python3.12/urllib/request.py", line 492, in _call_chain
    result = func(*args)
             ^^^^^^^^^^^
  File "/usr/local/python/3.12.1/lib/python3.12/urllib/request.py", line 639, in http_error_default
    raise HTTPError(req.full_url, code, msg, hdrs, fp)
urllib.error.HTTPError: HTTP Error 400: Bad Request
2026-04-18 13:23:02,148 | HybridDCAInfinityGrid | ERROR    | Order placement error: HTTP Error 400: Bad Request
Traceback (most recent call last):
  File "/workspaces/https-github.com-e8723861-spec-NEW/hybrid_dca_grid.py", line 682, in _place_limit_order
    resp = self.api.make_api_request("POST", "/api/v3/order", json.dumps(params))
           ^^^^^^^^^^^^^^^^^^^^^^^^^^^^^^^^^^^^^^^^^^^^^^^^^^^^^^^^^^^^^^^^^^^^^^
  File "/workspaces/https-github.com-e8723861-spec-NEW/your_powertrader_file.py", line 87, in make_api_request
    return self._send_binance_request(method, endpoint, data)
           ^^^^^^^^^^^^^^^^^^^^^^^^^^^^^^^^^^^^^^^^^^^^^^^^^^
  File "/workspaces/https-github.com-e8723861-spec-NEW/your_powertrader_file.py", line 129, in _send_binance_request
    with urllib.request.urlopen(request, timeout=15, context=ssl.create_default_context()) as response:
         ^^^^^^^^^^^^^^^^^^^^^^^^^^^^^^^^^^^^^^^^^^^^^^^^^^^^^^^^^^^^^^^^^^^^^^^^^^^^^^^^^
  File "/usr/local/python/3.12.1/lib/python3.12/urllib/request.py", line 215, in urlopen
    return opener.open(url, data, timeout)
           ^^^^^^^^^^^^^^^^^^^^^^^^^^^^^^^
  File "/usr/local/python/3.12.1/lib/python3.12/urllib/request.py", line 521, in open
    response = meth(req, response)
               ^^^^^^^^^^^^^^^^^^^
  File "/usr/local/python/3.12.1/lib/python3.12/urllib/request.py", line 630, in http_response
    response = self.parent.error(
               ^^^^^^^^^^^^^^^^^^
  File "/usr/local/python/3.12.1/lib/python3.12/urllib/request.py", line 559, in error
    return self._call_chain(*args)
           ^^^^^^^^^^^^^^^^^^^^^^^
  File "/usr/local/python/3.12.1/lib/python3.12/urllib/request.py", line 492, in _call_chain
    result = func(*args)
             ^^^^^^^^^^^
  File "/usr/local/python/3.12.1/lib/python3.12/urllib/request.py", line 639, in http_error_default
    raise HTTPError(req.full_url, code, msg, hdrs, fp)
urllib.error.HTTPError: HTTP Error 400: Bad Request
2026-04-18 13:23:02,319 | HybridDCAInfinityGrid | ERROR    | Order placement error: HTTP Error 400: Bad Request
Traceback (most recent call last):
  File "/workspaces/https-github.com-e8723861-spec-NEW/hybrid_dca_grid.py", line 682, in _place_limit_order
    resp = self.api.make_api_request("POST", "/api/v3/order", json.dumps(params))
           ^^^^^^^^^^^^^^^^^^^^^^^^^^^^^^^^^^^^^^^^^^^^^^^^^^^^^^^^^^^^^^^^^^^^^^
  File "/workspaces/https-github.com-e8723861-spec-NEW/your_powertrader_file.py", line 87, in make_api_request
    return self._send_binance_request(method, endpoint, data)
           ^^^^^^^^^^^^^^^^^^^^^^^^^^^^^^^^^^^^^^^^^^^^^^^^^^
  File "/workspaces/https-github.com-e8723861-spec-NEW/your_powertrader_file.py", line 129, in _send_binance_request
    with urllib.request.urlopen(request, timeout=15, context=ssl.create_default_context()) as response:
         ^^^^^^^^^^^^^^^^^^^^^^^^^^^^^^^^^^^^^^^^^^^^^^^^^^^^^^^^^^^^^^^^^^^^^^^^^^^^^^^^^
  File "/usr/local/python/3.12.1/lib/python3.12/urllib/request.py", line 215, in urlopen
    return opener.open(url, data, timeout)
           ^^^^^^^^^^^^^^^^^^^^^^^^^^^^^^^
  File "/usr/local/python/3.12.1/lib/python3.12/urllib/request.py", line 521, in open
    response = meth(req, response)
               ^^^^^^^^^^^^^^^^^^^
  File "/usr/local/python/3.12.1/lib/python3.12/urllib/request.py", line 630, in http_response
    response = self.parent.error(
               ^^^^^^^^^^^^^^^^^^
  File "/usr/local/python/3.12.1/lib/python3.12/urllib/request.py", line 559, in error
    return self._call_chain(*args)
           ^^^^^^^^^^^^^^^^^^^^^^^
  File "/usr/local/python/3.12.1/lib/python3.12/urllib/request.py", line 492, in _call_chain
    result = func(*args)
             ^^^^^^^^^^^
  File "/usr/local/python/3.12.1/lib/python3.12/urllib/request.py", line 639, in http_error_default
    raise HTTPError(req.full_url, code, msg, hdrs, fp)
urllib.error.HTTPError: HTTP Error 400: Bad Request
2026-04-18 13:23:02,495 | HybridDCAInfinityGrid | ERROR    | Order placement error: HTTP Error 400: Bad Request
Traceback (most recent call last):
  File "/workspaces/https-github.com-e8723861-spec-NEW/hybrid_dca_grid.py", line 682, in _place_limit_order
    resp = self.api.make_api_request("POST", "/api/v3/order", json.dumps(params))
           ^^^^^^^^^^^^^^^^^^^^^^^^^^^^^^^^^^^^^^^^^^^^^^^^^^^^^^^^^^^^^^^^^^^^^^
  File "/workspaces/https-github.com-e8723861-spec-NEW/your_powertrader_file.py", line 87, in make_api_request
    return self._send_binance_request(method, endpoint, data)
           ^^^^^^^^^^^^^^^^^^^^^^^^^^^^^^^^^^^^^^^^^^^^^^^^^^
  File "/workspaces/https-github.com-e8723861-spec-NEW/your_powertrader_file.py", line 129, in _send_binance_request
    with urllib.request.urlopen(request, timeout=15, context=ssl.create_default_context()) as response:
         ^^^^^^^^^^^^^^^^^^^^^^^^^^^^^^^^^^^^^^^^^^^^^^^^^^^^^^^^^^^^^^^^^^^^^^^^^^^^^^^^^
  File "/usr/local/python/3.12.1/lib/python3.12/urllib/request.py", line 215, in urlopen
    return opener.open(url, data, timeout)
           ^^^^^^^^^^^^^^^^^^^^^^^^^^^^^^^
  File "/usr/local/python/3.12.1/lib/python3.12/urllib/request.py", line 521, in open
    response = meth(req, response)
               ^^^^^^^^^^^^^^^^^^^
  File "/usr/local/python/3.12.1/lib/python3.12/urllib/request.py", line 630, in http_response
    response = self.parent.error(
               ^^^^^^^^^^^^^^^^^^
  File "/usr/local/python/3.12.1/lib/python3.12/urllib/request.py", line 559, in error
    return self._call_chain(*args)
           ^^^^^^^^^^^^^^^^^^^^^^^
  File "/usr/local/python/3.12.1/lib/python3.12/urllib/request.py", line 492, in _call_chain
    result = func(*args)
             ^^^^^^^^^^^
  File "/usr/local/python/3.12.1/lib/python3.12/urllib/request.py", line 639, in http_error_default
    raise HTTPError(req.full_url, code, msg, hdrs, fp)
urllib.error.HTTPError: HTTP Error 400: Bad Request
2026-04-18 13:23:02,667 | HybridDCAInfinityGrid | ERROR    | Order placement error: HTTP Error 400: Bad Request
Traceback (most recent call last):
  File "/workspaces/https-github.com-e8723861-spec-NEW/hybrid_dca_grid.py", line 682, in _place_limit_order
    resp = self.api.make_api_request("POST", "/api/v3/order", json.dumps(params))
           ^^^^^^^^^^^^^^^^^^^^^^^^^^^^^^^^^^^^^^^^^^^^^^^^^^^^^^^^^^^^^^^^^^^^^^
  File "/workspaces/https-github.com-e8723861-spec-NEW/your_powertrader_file.py", line 87, in make_api_request
    return self._send_binance_request(method, endpoint, data)
           ^^^^^^^^^^^^^^^^^^^^^^^^^^^^^^^^^^^^^^^^^^^^^^^^^^
  File "/workspaces/https-github.com-e8723861-spec-NEW/your_powertrader_file.py", line 129, in _send_binance_request
    with urllib.request.urlopen(request, timeout=15, context=ssl.create_default_context()) as response:
         ^^^^^^^^^^^^^^^^^^^^^^^^^^^^^^^^^^^^^^^^^^^^^^^^^^^^^^^^^^^^^^^^^^^^^^^^^^^^^^^^^
  File "/usr/local/python/3.12.1/lib/python3.12/urllib/request.py", line 215, in urlopen
    return opener.open(url, data, timeout)
           ^^^^^^^^^^^^^^^^^^^^^^^^^^^^^^^
  File "/usr/local/python/3.12.1/lib/python3.12/urllib/request.py", line 521, in open
    response = meth(req, response)
               ^^^^^^^^^^^^^^^^^^^
  File "/usr/local/python/3.12.1/lib/python3.12/urllib/request.py", line 630, in http_response
    response = self.parent.error(
               ^^^^^^^^^^^^^^^^^^
  File "/usr/local/python/3.12.1/lib/python3.12/urllib/request.py", line 559, in error
    return self._call_chain(*args)
           ^^^^^^^^^^^^^^^^^^^^^^^
  File "/usr/local/python/3.12.1/lib/python3.12/urllib/request.py", line 492, in _call_chain
    result = func(*args)
             ^^^^^^^^^^^
  File "/usr/local/python/3.12.1/lib/python3.12/urllib/request.py", line 639, in http_error_default
    raise HTTPError(req.full_url, code, msg, hdrs, fp)
urllib.error.HTTPError: HTTP Error 400: Bad Request
2026-04-18 13:23:02,856 | HybridDCAInfinityGrid | ERROR    | Order placement error: HTTP Error 400: Bad Request
Traceback (most recent call last):
  File "/workspaces/https-github.com-e8723861-spec-NEW/hybrid_dca_grid.py", line 682, in _place_limit_order
    resp = self.api.make_api_request("POST", "/api/v3/order", json.dumps(params))
           ^^^^^^^^^^^^^^^^^^^^^^^^^^^^^^^^^^^^^^^^^^^^^^^^^^^^^^^^^^^^^^^^^^^^^^
  File "/workspaces/https-github.com-e8723861-spec-NEW/your_powertrader_file.py", line 87, in make_api_request
    return self._send_binance_request(method, endpoint, data)
           ^^^^^^^^^^^^^^^^^^^^^^^^^^^^^^^^^^^^^^^^^^^^^^^^^^
  File "/workspaces/https-github.com-e8723861-spec-NEW/your_powertrader_file.py", line 129, in _send_binance_request
    with urllib.request.urlopen(request, timeout=15, context=ssl.create_default_context()) as response:
         ^^^^^^^^^^^^^^^^^^^^^^^^^^^^^^^^^^^^^^^^^^^^^^^^^^^^^^^^^^^^^^^^^^^^^^^^^^^^^^^^^
  File "/usr/local/python/3.12.1/lib/python3.12/urllib/request.py", line 215, in urlopen
    return opener.open(url, data, timeout)
           ^^^^^^^^^^^^^^^^^^^^^^^^^^^^^^^
  File "/usr/local/python/3.12.1/lib/python3.12/urllib/request.py", line 521, in open
    response = meth(req, response)
               ^^^^^^^^^^^^^^^^^^^
  File "/usr/local/python/3.12.1/lib/python3.12/urllib/request.py", line 630, in http_response
    response = self.parent.error(
               ^^^^^^^^^^^^^^^^^^
  File "/usr/local/python/3.12.1/lib/python3.12/urllib/request.py", line 559, in error
    return self._call_chain(*args)
           ^^^^^^^^^^^^^^^^^^^^^^^
  File "/usr/local/python/3.12.1/lib/python3.12/urllib/request.py", line 492, in _call_chain
    result = func(*args)
             ^^^^^^^^^^^
  File "/usr/local/python/3.12.1/lib/python3.12/urllib/request.py", line 639, in http_error_default
    raise HTTPError(req.full_url, code, msg, hdrs, fp)
urllib.error.HTTPError: HTTP Error 400: Bad Request
2026-04-18 13:23:03,027 | HybridDCAInfinityGrid | ERROR    | Order placement error: HTTP Error 400: Bad Request
Traceback (most recent call last):
  File "/workspaces/https-github.com-e8723861-spec-NEW/hybrid_dca_grid.py", line 682, in _place_limit_order
    resp = self.api.make_api_request("POST", "/api/v3/order", json.dumps(params))
           ^^^^^^^^^^^^^^^^^^^^^^^^^^^^^^^^^^^^^^^^^^^^^^^^^^^^^^^^^^^^^^^^^^^^^^
  File "/workspaces/https-github.com-e8723861-spec-NEW/your_powertrader_file.py", line 87, in make_api_request
    return self._send_binance_request(method, endpoint, data)
           ^^^^^^^^^^^^^^^^^^^^^^^^^^^^^^^^^^^^^^^^^^^^^^^^^^
  File "/workspaces/https-github.com-e8723861-spec-NEW/your_powertrader_file.py", line 129, in _send_binance_request
    with urllib.request.urlopen(request, timeout=15, context=ssl.create_default_context()) as response:
         ^^^^^^^^^^^^^^^^^^^^^^^^^^^^^^^^^^^^^^^^^^^^^^^^^^^^^^^^^^^^^^^^^^^^^^^^^^^^^^^^^
  File "/usr/local/python/3.12.1/lib/python3.12/urllib/request.py", line 215, in urlopen
    return opener.open(url, data, timeout)
           ^^^^^^^^^^^^^^^^^^^^^^^^^^^^^^^
  File "/usr/local/python/3.12.1/lib/python3.12/urllib/request.py", line 521, in open
    response = meth(req, response)
               ^^^^^^^^^^^^^^^^^^^
  File "/usr/local/python/3.12.1/lib/python3.12/urllib/request.py", line 630, in http_response
    response = self.parent.error(
               ^^^^^^^^^^^^^^^^^^
  File "/usr/local/python/3.12.1/lib/python3.12/urllib/request.py", line 559, in error
    return self._call_chain(*args)
           ^^^^^^^^^^^^^^^^^^^^^^^
  File "/usr/local/python/3.12.1/lib/python3.12/urllib/request.py", line 492, in _call_chain
    result = func(*args)
             ^^^^^^^^^^^
  File "/usr/local/python/3.12.1/lib/python3.12/urllib/request.py", line 639, in http_error_default
    raise HTTPError(req.full_url, code, msg, hdrs, fp)
urllib.error.HTTPError: HTTP Error 400: Bad Request
2026-04-18 13:23:03,205 | HybridDCAInfinityGrid | ERROR    | Order placement error: HTTP Error 400: Bad Request
Traceback (most recent call last):
  File "/workspaces/https-github.com-e8723861-spec-NEW/hybrid_dca_grid.py", line 682, in _place_limit_order
    resp = self.api.make_api_request("POST", "/api/v3/order", json.dumps(params))
           ^^^^^^^^^^^^^^^^^^^^^^^^^^^^^^^^^^^^^^^^^^^^^^^^^^^^^^^^^^^^^^^^^^^^^^
  File "/workspaces/https-github.com-e8723861-spec-NEW/your_powertrader_file.py", line 87, in make_api_request
    return self._send_binance_request(method, endpoint, data)
           ^^^^^^^^^^^^^^^^^^^^^^^^^^^^^^^^^^^^^^^^^^^^^^^^^^
  File "/workspaces/https-github.com-e8723861-spec-NEW/your_powertrader_file.py", line 129, in _send_binance_request
    with urllib.request.urlopen(request, timeout=15, context=ssl.create_default_context()) as response:
         ^^^^^^^^^^^^^^^^^^^^^^^^^^^^^^^^^^^^^^^^^^^^^^^^^^^^^^^^^^^^^^^^^^^^^^^^^^^^^^^^^
  File "/usr/local/python/3.12.1/lib/python3.12/urllib/request.py", line 215, in urlopen
    return opener.open(url, data, timeout)
           ^^^^^^^^^^^^^^^^^^^^^^^^^^^^^^^
  File "/usr/local/python/3.12.1/lib/python3.12/urllib/request.py", line 521, in open
    response = meth(req, response)
               ^^^^^^^^^^^^^^^^^^^
  File "/usr/local/python/3.12.1/lib/python3.12/urllib/request.py", line 630, in http_response
    response = self.parent.error(
               ^^^^^^^^^^^^^^^^^^
  File "/usr/local/python/3.12.1/lib/python3.12/urllib/request.py", line 559, in error
    return self._call_chain(*args)
           ^^^^^^^^^^^^^^^^^^^^^^^
  File "/usr/local/python/3.12.1/lib/python3.12/urllib/request.py", line 492, in _call_chain
    result = func(*args)
             ^^^^^^^^^^^
  File "/usr/local/python/3.12.1/lib/python3.12/urllib/request.py", line 639, in http_error_default
    raise HTTPError(req.full_url, code, msg, hdrs, fp)
urllib.error.HTTPError: HTTP Error 400: Bad Request
2026-04-18 13:23:03,378 | HybridDCAInfinityGrid | ERROR    | Order placement error: HTTP Error 400: Bad Request
Traceback (most recent call last):
  File "/workspaces/https-github.com-e8723861-spec-NEW/hybrid_dca_grid.py", line 682, in _place_limit_order
    resp = self.api.make_api_request("POST", "/api/v3/order", json.dumps(params))
           ^^^^^^^^^^^^^^^^^^^^^^^^^^^^^^^^^^^^^^^^^^^^^^^^^^^^^^^^^^^^^^^^^^^^^^
  File "/workspaces/https-github.com-e8723861-spec-NEW/your_powertrader_file.py", line 87, in make_api_request
    return self._send_binance_request(method, endpoint, data)
           ^^^^^^^^^^^^^^^^^^^^^^^^^^^^^^^^^^^^^^^^^^^^^^^^^^
  File "/workspaces/https-github.com-e8723861-spec-NEW/your_powertrader_file.py", line 129, in _send_binance_request
    with urllib.request.urlopen(request, timeout=15, context=ssl.create_default_context()) as response:
         ^^^^^^^^^^^^^^^^^^^^^^^^^^^^^^^^^^^^^^^^^^^^^^^^^^^^^^^^^^^^^^^^^^^^^^^^^^^^^^^^^
  File "/usr/local/python/3.12.1/lib/python3.12/urllib/request.py", line 215, in urlopen
    return opener.open(url, data, timeout)
           ^^^^^^^^^^^^^^^^^^^^^^^^^^^^^^^
  File "/usr/local/python/3.12.1/lib/python3.12/urllib/request.py", line 521, in open
    response = meth(req, response)
               ^^^^^^^^^^^^^^^^^^^
  File "/usr/local/python/3.12.1/lib/python3.12/urllib/request.py", line 630, in http_response
    response = self.parent.error(
               ^^^^^^^^^^^^^^^^^^
  File "/usr/local/python/3.12.1/lib/python3.12/urllib/request.py", line 559, in error
    return self._call_chain(*args)
           ^^^^^^^^^^^^^^^^^^^^^^^
  File "/usr/local/python/3.12.1/lib/python3.12/urllib/request.py", line 492, in _call_chain
    result = func(*args)
             ^^^^^^^^^^^
  File "/usr/local/python/3.12.1/lib/python3.12/urllib/request.py", line 639, in http_error_default
    raise HTTPError(req.full_url, code, msg, hdrs, fp)
urllib.error.HTTPError: HTTP Error 400: Bad Request
2026-04-18 13:23:03,564 | HybridDCAInfinityGrid | ERROR    | Order placement error: HTTP Error 400: Bad Request
Traceback (most recent call last):
  File "/workspaces/https-github.com-e8723861-spec-NEW/hybrid_dca_grid.py", line 682, in _place_limit_order
    resp = self.api.make_api_request("POST", "/api/v3/order", json.dumps(params))
           ^^^^^^^^^^^^^^^^^^^^^^^^^^^^^^^^^^^^^^^^^^^^^^^^^^^^^^^^^^^^^^^^^^^^^^
  File "/workspaces/https-github.com-e8723861-spec-NEW/your_powertrader_file.py", line 87, in make_api_request
    return self._send_binance_request(method, endpoint, data)
           ^^^^^^^^^^^^^^^^^^^^^^^^^^^^^^^^^^^^^^^^^^^^^^^^^^
  File "/workspaces/https-github.com-e8723861-spec-NEW/your_powertrader_file.py", line 129, in _send_binance_request
    with urllib.request.urlopen(request, timeout=15, context=ssl.create_default_context()) as response:
         ^^^^^^^^^^^^^^^^^^^^^^^^^^^^^^^^^^^^^^^^^^^^^^^^^^^^^^^^^^^^^^^^^^^^^^^^^^^^^^^^^
  File "/usr/local/python/3.12.1/lib/python3.12/urllib/request.py", line 215, in urlopen
    return opener.open(url, data, timeout)
           ^^^^^^^^^^^^^^^^^^^^^^^^^^^^^^^
  File "/usr/local/python/3.12.1/lib/python3.12/urllib/request.py", line 521, in open
    response = meth(req, response)
               ^^^^^^^^^^^^^^^^^^^
  File "/usr/local/python/3.12.1/lib/python3.12/urllib/request.py", line 630, in http_response
    response = self.parent.error(
               ^^^^^^^^^^^^^^^^^^
  File "/usr/local/python/3.12.1/lib/python3.12/urllib/request.py", line 559, in error
    return self._call_chain(*args)
           ^^^^^^^^^^^^^^^^^^^^^^^
  File "/usr/local/python/3.12.1/lib/python3.12/urllib/request.py", line 492, in _call_chain
    result = func(*args)
             ^^^^^^^^^^^
  File "/usr/local/python/3.12.1/lib/python3.12/urllib/request.py", line 639, in http_error_default
    raise HTTPError(req.full_url, code, msg, hdrs, fp)
urllib.error.HTTPError: HTTP Error 400: Bad Request
2026-04-18 13:23:03,566 | HybridDCAInfinityGrid | WARNING  | ✅ BOT STARTED successfully
